<?xml version="1.0" encoding="UTF-8"?>
<testsuite xmlns:xsi="http://www.w3.org/2001/XMLSchema-instance" xsi:noNamespaceSchemaLocation="https://maven.apache.org/surefire/maven-surefire-plugin/xsd/surefire-test-report.xsd" name="com.example.demosecond.DemoSecondApplicationTests" time="52.229" tests="2" errors="1" skipped="0" failures="0">
  <properties>
    <property name="sun.desktop" value="windows"/>
    <property name="awt.toolkit" value="sun.awt.windows.WToolkit"/>
    <property name="file.encoding.pkg" value="sun.io"/>
    <property name="java.specification.version" value="1.8"/>
    <property name="sun.cpu.isalist" value="pentium_pro+mmx pentium_pro pentium+mmx pentium i486 i386 i86"/>
    <property name="sun.jnu.encoding" value="GBK"/>
    <property name="java.class.path" value="F:\IDEA-PracticalTraining\SpringBoot\demoSecond\target\test-classes;F:\IDEA-PracticalTraining\SpringBoot\demoSecond\target\classes;C:\Users\Administrator\.m2\repository\org\springframework\boot\spring-boot-starter-web\2.7.12\spring-boot-starter-web-2.7.12.jar;C:\Users\Administrator\.m2\repository\org\springframework\boot\spring-boot-starter\2.7.12\spring-boot-starter-2.7.12.jar;C:\Users\Administrator\.m2\repository\org\springframework\boot\spring-boot\2.7.12\spring-boot-2.7.12.jar;C:\Users\Administrator\.m2\repository\org\springframework\boot\spring-boot-autoconfigure\2.7.12\spring-boot-autoconfigure-2.7.12.jar;C:\Users\Administrator\.m2\repository\org\springframework\boot\spring-boot-starter-logging\2.7.12\spring-boot-starter-logging-2.7.12.jar;C:\Users\Administrator\.m2\repository\ch\qos\logback\logback-classic\1.2.12\logback-classic-1.2.12.jar;C:\Users\Administrator\.m2\repository\ch\qos\logback\logback-core\1.2.12\logback-core-1.2.12.jar;C:\Users\Administrator\.m2\repository\org\apache\logging\log4j\log4j-to-slf4j\2.17.2\log4j-to-slf4j-2.17.2.jar;C:\Users\Administrator\.m2\repository\org\slf4j\jul-to-slf4j\1.7.36\jul-to-slf4j-1.7.36.jar;C:\Users\Administrator\.m2\repository\jakarta\annotation\jakarta.annotation-api\1.3.5\jakarta.annotation-api-1.3.5.jar;C:\Users\Administrator\.m2\repository\org\yaml\snakeyaml\2.0\snakeyaml-2.0.jar;C:\Users\Administrator\.m2\repository\org\springframework\boot\spring-boot-starter-json\2.7.12\spring-boot-starter-json-2.7.12.jar;C:\Users\Administrator\.m2\repository\com\fasterxml\jackson\core\jackson-databind\2.13.5\jackson-databind-2.13.5.jar;C:\Users\Administrator\.m2\repository\com\fasterxml\jackson\core\jackson-annotations\2.13.5\jackson-annotations-2.13.5.jar;C:\Users\Administrator\.m2\repository\com\fasterxml\jackson\core\jackson-core\2.13.5\jackson-core-2.13.5.jar;C:\Users\Administrator\.m2\repository\com\fasterxml\jackson\datatype\jackson-datatype-jdk8\2.13.5\jackson-datatype-jdk8-2.13.5.jar;C:\Users\Administrator\.m2\repository\com\fasterxml\jackson\datatype\jackson-datatype-jsr310\2.13.5\jackson-datatype-jsr310-2.13.5.jar;C:\Users\Administrator\.m2\repository\com\fasterxml\jackson\module\jackson-module-parameter-names\2.13.5\jackson-module-parameter-names-2.13.5.jar;C:\Users\Administrator\.m2\repository\org\springframework\boot\spring-boot-starter-tomcat\2.7.12\spring-boot-starter-tomcat-2.7.12.jar;C:\Users\Administrator\.m2\repository\org\apache\tomcat\embed\tomcat-embed-core\9.0.75\tomcat-embed-core-9.0.75.jar;C:\Users\Administrator\.m2\repository\org\apache\tomcat\embed\tomcat-embed-el\9.0.75\tomcat-embed-el-9.0.75.jar;C:\Users\Administrator\.m2\repository\org\apache\tomcat\embed\tomcat-embed-websocket\9.0.75\tomcat-embed-websocket-9.0.75.jar;C:\Users\Administrator\.m2\repository\org\springframework\spring-web\5.3.27\spring-web-5.3.27.jar;C:\Users\Administrator\.m2\repository\org\springframework\spring-beans\5.3.27\spring-beans-5.3.27.jar;C:\Users\Administrator\.m2\repository\org\springframework\spring-webmvc\5.3.27\spring-webmvc-5.3.27.jar;C:\Users\Administrator\.m2\repository\org\springframework\spring-aop\5.3.27\spring-aop-5.3.27.jar;C:\Users\Administrator\.m2\repository\org\springframework\spring-context\5.3.27\spring-context-5.3.27.jar;C:\Users\Administrator\.m2\repository\org\springframework\spring-expression\5.3.27\spring-expression-5.3.27.jar;C:\Users\Administrator\.m2\repository\org\mybatis\spring\boot\mybatis-spring-boot-starter\2.3.1\mybatis-spring-boot-starter-2.3.1.jar;C:\Users\Administrator\.m2\repository\org\springframework\boot\spring-boot-starter-jdbc\2.7.12\spring-boot-starter-jdbc-2.7.12.jar;C:\Users\Administrator\.m2\repository\com\zaxxer\HikariCP\4.0.3\HikariCP-4.0.3.jar;C:\Users\Administrator\.m2\repository\org\springframework\spring-jdbc\5.3.27\spring-jdbc-5.3.27.jar;C:\Users\Administrator\.m2\repository\org\springframework\spring-tx\5.3.27\spring-tx-5.3.27.jar;C:\Users\Administrator\.m2\repository\org\mybatis\spring\boot\mybatis-spring-boot-autoconfigure\2.3.1\mybatis-spring-boot-autoconfigure-2.3.1.jar;C:\Users\Administrator\.m2\repository\org\mybatis\mybatis\3.5.13\mybatis-3.5.13.jar;C:\Users\Administrator\.m2\repository\org\mybatis\mybatis-spring\2.1.1\mybatis-spring-2.1.1.jar;C:\Users\Administrator\.m2\repository\com\mysql\mysql-connector-j\8.0.33\mysql-connector-j-8.0.33.jar;C:\Users\Administrator\.m2\repository\org\apache\logging\log4j\log4j-core\2.3.2\log4j-core-2.3.2.jar;C:\Users\Administrator\.m2\repository\org\apache\logging\log4j\log4j-api\2.17.2\log4j-api-2.17.2.jar;C:\Users\Administrator\.m2\repository\org\slf4j\slf4j-log4j12\1.7.25\slf4j-log4j12-1.7.25.jar;C:\Users\Administrator\.m2\repository\org\slf4j\slf4j-api\1.7.36\slf4j-api-1.7.36.jar;C:\Users\Administrator\.m2\repository\log4j\log4j\1.2.17\log4j-1.2.17.jar;C:\Users\Administrator\.m2\repository\junit\junit\4.13.1\junit-4.13.1.jar;C:\Users\Administrator\.m2\repository\org\hamcrest\hamcrest-core\2.2\hamcrest-core-2.2.jar;C:\Users\Administrator\.m2\repository\org\springframework\boot\spring-boot-starter-test\2.7.12\spring-boot-starter-test-2.7.12.jar;C:\Users\Administrator\.m2\repository\org\springframework\boot\spring-boot-test\2.7.12\spring-boot-test-2.7.12.jar;C:\Users\Administrator\.m2\repository\org\springframework\boot\spring-boot-test-autoconfigure\2.7.12\spring-boot-test-autoconfigure-2.7.12.jar;C:\Users\Administrator\.m2\repository\com\jayway\jsonpath\json-path\2.7.0\json-path-2.7.0.jar;C:\Users\Administrator\.m2\repository\net\minidev\json-smart\2.4.11\json-smart-2.4.11.jar;C:\Users\Administrator\.m2\repository\net\minidev\accessors-smart\2.4.11\accessors-smart-2.4.11.jar;C:\Users\Administrator\.m2\repository\org\ow2\asm\asm\9.3\asm-9.3.jar;C:\Users\Administrator\.m2\repository\jakarta\xml\bind\jakarta.xml.bind-api\2.3.3\jakarta.xml.bind-api-2.3.3.jar;C:\Users\Administrator\.m2\repository\jakarta\activation\jakarta.activation-api\1.2.2\jakarta.activation-api-1.2.2.jar;C:\Users\Administrator\.m2\repository\org\assertj\assertj-core\3.22.0\assertj-core-3.22.0.jar;C:\Users\Administrator\.m2\repository\org\hamcrest\hamcrest\2.2\hamcrest-2.2.jar;C:\Users\Administrator\.m2\repository\org\junit\jupiter\junit-jupiter\5.8.2\junit-jupiter-5.8.2.jar;C:\Users\Administrator\.m2\repository\org\junit\jupiter\junit-jupiter-api\5.8.2\junit-jupiter-api-5.8.2.jar;C:\Users\Administrator\.m2\repository\org\opentest4j\opentest4j\1.2.0\opentest4j-1.2.0.jar;C:\Users\Administrator\.m2\repository\org\junit\platform\junit-platform-commons\1.8.2\junit-platform-commons-1.8.2.jar;C:\Users\Administrator\.m2\repository\org\apiguardian\apiguardian-api\1.1.2\apiguardian-api-1.1.2.jar;C:\Users\Administrator\.m2\repository\org\junit\jupiter\junit-jupiter-params\5.8.2\junit-jupiter-params-5.8.2.jar;C:\Users\Administrator\.m2\repository\org\junit\jupiter\junit-jupiter-engine\5.8.2\junit-jupiter-engine-5.8.2.jar;C:\Users\Administrator\.m2\repository\org\junit\platform\junit-platform-engine\1.8.2\junit-platform-engine-1.8.2.jar;C:\Users\Administrator\.m2\repository\org\mockito\mockito-core\4.5.1\mockito-core-4.5.1.jar;C:\Users\Administrator\.m2\repository\net\bytebuddy\byte-buddy\1.12.23\byte-buddy-1.12.23.jar;C:\Users\Administrator\.m2\repository\net\bytebuddy\byte-buddy-agent\1.12.23\byte-buddy-agent-1.12.23.jar;C:\Users\Administrator\.m2\repository\org\objenesis\objenesis\3.2\objenesis-3.2.jar;C:\Users\Administrator\.m2\repository\org\mockito\mockito-junit-jupiter\4.5.1\mockito-junit-jupiter-4.5.1.jar;C:\Users\Administrator\.m2\repository\org\skyscreamer\jsonassert\1.5.1\jsonassert-1.5.1.jar;C:\Users\Administrator\.m2\repository\com\vaadin\external\google\android-json\0.0.20131108.vaadin1\android-json-0.0.20131108.vaadin1.jar;C:\Users\Administrator\.m2\repository\org\springframework\spring-core\5.3.27\spring-core-5.3.27.jar;C:\Users\Administrator\.m2\repository\org\springframework\spring-jcl\5.3.27\spring-jcl-5.3.27.jar;C:\Users\Administrator\.m2\repository\org\springframework\spring-test\5.3.27\spring-test-5.3.27.jar;C:\Users\Administrator\.m2\repository\org\xmlunit\xmlunit-core\2.9.1\xmlunit-core-2.9.1.jar;"/>
    <property name="java.vm.vendor" value="Oracle Corporation"/>
    <property name="sun.arch.data.model" value="32"/>
    <property name="user.variant" value=""/>
    <property name="java.vendor.url" value="http://java.oracle.com/"/>
    <property name="user.timezone" value="Asia/Shanghai"/>
    <property name="java.vm.specification.version" value="1.8"/>
    <property name="os.name" value="Windows 10"/>
    <property name="user.country" value="CN"/>
    <property name="sun.java.launcher" value="SUN_STANDARD"/>
    <property name="sun.boot.library.path" value="D:\jdk\jre\bin"/>
    <property name="sun.java.command" value="C:\Users\Administrator\AppData\Local\Temp\surefire6975818725607081707\surefirebooter8930879899198590768.jar C:\Users\Administrator\AppData\Local\Temp\surefire6975818725607081707 2023-06-01T11-32-04_005-jvmRun1 surefire199416790063151519tmp surefire_08141695398117614402tmp"/>
    <property name="surefire.test.class.path" value="F:\IDEA-PracticalTraining\SpringBoot\demoSecond\target\test-classes;F:\IDEA-PracticalTraining\SpringBoot\demoSecond\target\classes;C:\Users\Administrator\.m2\repository\org\springframework\boot\spring-boot-starter-web\2.7.12\spring-boot-starter-web-2.7.12.jar;C:\Users\Administrator\.m2\repository\org\springframework\boot\spring-boot-starter\2.7.12\spring-boot-starter-2.7.12.jar;C:\Users\Administrator\.m2\repository\org\springframework\boot\spring-boot\2.7.12\spring-boot-2.7.12.jar;C:\Users\Administrator\.m2\repository\org\springframework\boot\spring-boot-autoconfigure\2.7.12\spring-boot-autoconfigure-2.7.12.jar;C:\Users\Administrator\.m2\repository\org\springframework\boot\spring-boot-starter-logging\2.7.12\spring-boot-starter-logging-2.7.12.jar;C:\Users\Administrator\.m2\repository\ch\qos\logback\logback-classic\1.2.12\logback-classic-1.2.12.jar;C:\Users\Administrator\.m2\repository\ch\qos\logback\logback-core\1.2.12\logback-core-1.2.12.jar;C:\Users\Administrator\.m2\repository\org\apache\logging\log4j\log4j-to-slf4j\2.17.2\log4j-to-slf4j-2.17.2.jar;C:\Users\Administrator\.m2\repository\org\slf4j\jul-to-slf4j\1.7.36\jul-to-slf4j-1.7.36.jar;C:\Users\Administrator\.m2\repository\jakarta\annotation\jakarta.annotation-api\1.3.5\jakarta.annotation-api-1.3.5.jar;C:\Users\Administrator\.m2\repository\org\yaml\snakeyaml\2.0\snakeyaml-2.0.jar;C:\Users\Administrator\.m2\repository\org\springframework\boot\spring-boot-starter-json\2.7.12\spring-boot-starter-json-2.7.12.jar;C:\Users\Administrator\.m2\repository\com\fasterxml\jackson\core\jackson-databind\2.13.5\jackson-databind-2.13.5.jar;C:\Users\Administrator\.m2\repository\com\fasterxml\jackson\core\jackson-annotations\2.13.5\jackson-annotations-2.13.5.jar;C:\Users\Administrator\.m2\repository\com\fasterxml\jackson\core\jackson-core\2.13.5\jackson-core-2.13.5.jar;C:\Users\Administrator\.m2\repository\com\fasterxml\jackson\datatype\jackson-datatype-jdk8\2.13.5\jackson-datatype-jdk8-2.13.5.jar;C:\Users\Administrator\.m2\repository\com\fasterxml\jackson\datatype\jackson-datatype-jsr310\2.13.5\jackson-datatype-jsr310-2.13.5.jar;C:\Users\Administrator\.m2\repository\com\fasterxml\jackson\module\jackson-module-parameter-names\2.13.5\jackson-module-parameter-names-2.13.5.jar;C:\Users\Administrator\.m2\repository\org\springframework\boot\spring-boot-starter-tomcat\2.7.12\spring-boot-starter-tomcat-2.7.12.jar;C:\Users\Administrator\.m2\repository\org\apache\tomcat\embed\tomcat-embed-core\9.0.75\tomcat-embed-core-9.0.75.jar;C:\Users\Administrator\.m2\repository\org\apache\tomcat\embed\tomcat-embed-el\9.0.75\tomcat-embed-el-9.0.75.jar;C:\Users\Administrator\.m2\repository\org\apache\tomcat\embed\tomcat-embed-websocket\9.0.75\tomcat-embed-websocket-9.0.75.jar;C:\Users\Administrator\.m2\repository\org\springframework\spring-web\5.3.27\spring-web-5.3.27.jar;C:\Users\Administrator\.m2\repository\org\springframework\spring-beans\5.3.27\spring-beans-5.3.27.jar;C:\Users\Administrator\.m2\repository\org\springframework\spring-webmvc\5.3.27\spring-webmvc-5.3.27.jar;C:\Users\Administrator\.m2\repository\org\springframework\spring-aop\5.3.27\spring-aop-5.3.27.jar;C:\Users\Administrator\.m2\repository\org\springframework\spring-context\5.3.27\spring-context-5.3.27.jar;C:\Users\Administrator\.m2\repository\org\springframework\spring-expression\5.3.27\spring-expression-5.3.27.jar;C:\Users\Administrator\.m2\repository\org\mybatis\spring\boot\mybatis-spring-boot-starter\2.3.1\mybatis-spring-boot-starter-2.3.1.jar;C:\Users\Administrator\.m2\repository\org\springframework\boot\spring-boot-starter-jdbc\2.7.12\spring-boot-starter-jdbc-2.7.12.jar;C:\Users\Administrator\.m2\repository\com\zaxxer\HikariCP\4.0.3\HikariCP-4.0.3.jar;C:\Users\Administrator\.m2\repository\org\springframework\spring-jdbc\5.3.27\spring-jdbc-5.3.27.jar;C:\Users\Administrator\.m2\repository\org\springframework\spring-tx\5.3.27\spring-tx-5.3.27.jar;C:\Users\Administrator\.m2\repository\org\mybatis\spring\boot\mybatis-spring-boot-autoconfigure\2.3.1\mybatis-spring-boot-autoconfigure-2.3.1.jar;C:\Users\Administrator\.m2\repository\org\mybatis\mybatis\3.5.13\mybatis-3.5.13.jar;C:\Users\Administrator\.m2\repository\org\mybatis\mybatis-spring\2.1.1\mybatis-spring-2.1.1.jar;C:\Users\Administrator\.m2\repository\com\mysql\mysql-connector-j\8.0.33\mysql-connector-j-8.0.33.jar;C:\Users\Administrator\.m2\repository\org\apache\logging\log4j\log4j-core\2.3.2\log4j-core-2.3.2.jar;C:\Users\Administrator\.m2\repository\org\apache\logging\log4j\log4j-api\2.17.2\log4j-api-2.17.2.jar;C:\Users\Administrator\.m2\repository\org\slf4j\slf4j-log4j12\1.7.25\slf4j-log4j12-1.7.25.jar;C:\Users\Administrator\.m2\repository\org\slf4j\slf4j-api\1.7.36\slf4j-api-1.7.36.jar;C:\Users\Administrator\.m2\repository\log4j\log4j\1.2.17\log4j-1.2.17.jar;C:\Users\Administrator\.m2\repository\junit\junit\4.13.1\junit-4.13.1.jar;C:\Users\Administrator\.m2\repository\org\hamcrest\hamcrest-core\2.2\hamcrest-core-2.2.jar;C:\Users\Administrator\.m2\repository\org\springframework\boot\spring-boot-starter-test\2.7.12\spring-boot-starter-test-2.7.12.jar;C:\Users\Administrator\.m2\repository\org\springframework\boot\spring-boot-test\2.7.12\spring-boot-test-2.7.12.jar;C:\Users\Administrator\.m2\repository\org\springframework\boot\spring-boot-test-autoconfigure\2.7.12\spring-boot-test-autoconfigure-2.7.12.jar;C:\Users\Administrator\.m2\repository\com\jayway\jsonpath\json-path\2.7.0\json-path-2.7.0.jar;C:\Users\Administrator\.m2\repository\net\minidev\json-smart\2.4.11\json-smart-2.4.11.jar;C:\Users\Administrator\.m2\repository\net\minidev\accessors-smart\2.4.11\accessors-smart-2.4.11.jar;C:\Users\Administrator\.m2\repository\org\ow2\asm\asm\9.3\asm-9.3.jar;C:\Users\Administrator\.m2\repository\jakarta\xml\bind\jakarta.xml.bind-api\2.3.3\jakarta.xml.bind-api-2.3.3.jar;C:\Users\Administrator\.m2\repository\jakarta\activation\jakarta.activation-api\1.2.2\jakarta.activation-api-1.2.2.jar;C:\Users\Administrator\.m2\repository\org\assertj\assertj-core\3.22.0\assertj-core-3.22.0.jar;C:\Users\Administrator\.m2\repository\org\hamcrest\hamcrest\2.2\hamcrest-2.2.jar;C:\Users\Administrator\.m2\repository\org\junit\jupiter\junit-jupiter\5.8.2\junit-jupiter-5.8.2.jar;C:\Users\Administrator\.m2\repository\org\junit\jupiter\junit-jupiter-api\5.8.2\junit-jupiter-api-5.8.2.jar;C:\Users\Administrator\.m2\repository\org\opentest4j\opentest4j\1.2.0\opentest4j-1.2.0.jar;C:\Users\Administrator\.m2\repository\org\junit\platform\junit-platform-commons\1.8.2\junit-platform-commons-1.8.2.jar;C:\Users\Administrator\.m2\repository\org\apiguardian\apiguardian-api\1.1.2\apiguardian-api-1.1.2.jar;C:\Users\Administrator\.m2\repository\org\junit\jupiter\junit-jupiter-params\5.8.2\junit-jupiter-params-5.8.2.jar;C:\Users\Administrator\.m2\repository\org\junit\jupiter\junit-jupiter-engine\5.8.2\junit-jupiter-engine-5.8.2.jar;C:\Users\Administrator\.m2\repository\org\junit\platform\junit-platform-engine\1.8.2\junit-platform-engine-1.8.2.jar;C:\Users\Administrator\.m2\repository\org\mockito\mockito-core\4.5.1\mockito-core-4.5.1.jar;C:\Users\Administrator\.m2\repository\net\bytebuddy\byte-buddy\1.12.23\byte-buddy-1.12.23.jar;C:\Users\Administrator\.m2\repository\net\bytebuddy\byte-buddy-agent\1.12.23\byte-buddy-agent-1.12.23.jar;C:\Users\Administrator\.m2\repository\org\objenesis\objenesis\3.2\objenesis-3.2.jar;C:\Users\Administrator\.m2\repository\org\mockito\mockito-junit-jupiter\4.5.1\mockito-junit-jupiter-4.5.1.jar;C:\Users\Administrator\.m2\repository\org\skyscreamer\jsonassert\1.5.1\jsonassert-1.5.1.jar;C:\Users\Administrator\.m2\repository\com\vaadin\external\google\android-json\0.0.20131108.vaadin1\android-json-0.0.20131108.vaadin1.jar;C:\Users\Administrator\.m2\repository\org\springframework\spring-core\5.3.27\spring-core-5.3.27.jar;C:\Users\Administrator\.m2\repository\org\springframework\spring-jcl\5.3.27\spring-jcl-5.3.27.jar;C:\Users\Administrator\.m2\repository\org\springframework\spring-test\5.3.27\spring-test-5.3.27.jar;C:\Users\Administrator\.m2\repository\org\xmlunit\xmlunit-core\2.9.1\xmlunit-core-2.9.1.jar;"/>
    <property name="sun.cpu.endian" value="little"/>
    <property name="user.home" value="C:\Users\Administrator"/>
    <property name="user.language" value="zh"/>
    <property name="java.specification.vendor" value="Oracle Corporation"/>
    <property name="java.home" value="D:\jdk\jre"/>
    <property name="basedir" value="F:\IDEA-PracticalTraining\SpringBoot\demoSecond"/>
    <property name="file.separator" value="\"/>
    <property name="line.separator" value="&#10;"/>
    <property name="java.vm.specification.vendor" value="Oracle Corporation"/>
    <property name="java.specification.name" value="Java Platform API Specification"/>
    <property name="java.awt.graphicsenv" value="sun.awt.Win32GraphicsEnvironment"/>
    <property name="surefire.real.class.path" value="C:\Users\Administrator\AppData\Local\Temp\surefire6975818725607081707\surefirebooter8930879899198590768.jar"/>
    <property name="sun.boot.class.path" value="D:\jdk\jre\lib\resources.jar;D:\jdk\jre\lib\rt.jar;D:\jdk\jre\lib\sunrsasign.jar;D:\jdk\jre\lib\jsse.jar;D:\jdk\jre\lib\jce.jar;D:\jdk\jre\lib\charsets.jar;D:\jdk\jre\lib\jfr.jar;D:\jdk\jre\classes"/>
    <property name="user.script" value=""/>
    <property name="sun.management.compiler" value="HotSpot Client Compiler"/>
    <property name="java.runtime.version" value="1.8.0_65-b17"/>
    <property name="user.name" value="FakEpsilon"/>
    <property name="path.separator" value=";"/>
    <property name="os.version" value="10.0"/>
    <property name="java.endorsed.dirs" value="D:\jdk\jre\lib\endorsed"/>
    <property name="java.runtime.name" value="Java(TM) SE Runtime Environment"/>
    <property name="file.encoding" value="GBK"/>
    <property name="java.vm.name" value="Java HotSpot(TM) Client VM"/>
    <property name="localRepository" value="C:\Users\Administrator\.m2\repository"/>
    <property name="java.vendor.url.bug" value="http://bugreport.sun.com/bugreport/"/>
    <property name="java.io.tmpdir" value="C:\Users\Administrator\AppData\Local\Temp\"/>
    <property name="idea.version" value="2023.1"/>
    <property name="java.version" value="1.8.0_65"/>
    <property name="user.dir" value="F:\IDEA-PracticalTraining\SpringBoot\demoSecond"/>
    <property name="os.arch" value="x86"/>
    <property name="java.vm.specification.name" value="Java Virtual Machine Specification"/>
    <property name="java.awt.printerjob" value="sun.awt.windows.WPrinterJob"/>
    <property name="sun.os.patch.level" value=""/>
    <property name="java.library.path" value="D:\jdk\jre\bin;C:\Windows\Sun\Java\bin;C:\Windows\system32;C:\Windows;C:\Program Files (x86)\VMware\VMware Workstation\bin\;C:\Program Files (x86)\Common Files\Oracle\Java\javapath;D:\python\Scripts\;D:\python\;C:\Windows\system32;C:\Windows;C:\Windows\System32\Wbem;C:\Windows\System32\WindowsPowerShell\v1.0\;C:\Windows\System32\OpenSSH\;C:\Program Files (x86)\NVIDIA Corporation\PhysX\Common;C:\Program Files\NVIDIA Corporation\NVIDIA NvDLISR;D:\Python3.11\Scripts\;D:\Python3.11\;D:\Pandoc\;D:\jdk\bin;D:\微信web开发者工具\dll;C:\msys64\mingw64\bin;C:\Program Files\nodejs\;C:\Program Files\dotnet\;D:\StrawberryPerl\c\bin;D:\StrawberryPerl\perl\site\bin;D:\StrawberryPerl\perl\bin;C:\mingw64\bin;%MAVEN_HOME%\bin;C:\Program Files\MySQL\MySQL Shell 8.0\bin\;D:\Python3.11\Scripts\;D:\Python3.11\;C:\Users\Administrator\AppData\Local\Microsoft\WindowsApps;D:\Intel FPGA\17.1\modelsim_ase\win32aloem;D:\PyCharm Community Edition 2022.2.1\bin;D:\Bandizip\;C:\Users\Administrator\AppData\Local\atom\bin;D:\PyCharm 2022.2.2\bin;;D:\python;D:\IntelliJ IDEA 2022.3.2\bin;;D:\jdk\bin;D:\jdk\jre\bin;C:\Program Files (x86)\Java\jre1.8.0_361\bin;D:\Microsoft VS Code\bin;D:\WebStorm 2022.3.3\bin;;C:\msys64\mingw64\bin;C:\Users\Administrator\AppData\Roaming\npm;D:\CLion 2023.1.1\bin;;D:\mysql-8.0.33-winx64\mysql-8.0.33-winx64\bin;C:\mingw64\bin;D:\maven\apache-maven-3.9.2\bin;D:\mysql-8.0.33-winx64\bin;;."/>
    <property name="java.vm.info" value="mixed mode"/>
    <property name="java.vendor" value="Oracle Corporation"/>
    <property name="java.vm.version" value="25.65-b01"/>
    <property name="java.ext.dirs" value="D:\jdk\jre\lib\ext;C:\Windows\Sun\Java\lib\ext"/>
    <property name="sun.io.unicode.encoding" value="UnicodeLittle"/>
    <property name="java.class.version" value="52.0"/>
  </properties>
  <testcase name="modifyUserInfo" classname="com.example.demosecond.DemoSecondApplicationTests" time="1.564"/>
  <testcase name="deleteUserById" classname="com.example.demosecond.DemoSecondApplicationTests" time="50.63">
    <error message="&#10;### Error updating database.  Cause: com.mysql.cj.jdbc.exceptions.MySQLTransactionRollbackException: Lock wait timeout exceeded; try restarting transaction&#10;### The error may exist in mapper/UserEntityMapper.xml&#10;### The error may involve com.example.demosecond.dao.UserEntityMapper.deleteUserById-Inline&#10;### The error occurred while setting parameters&#10;### SQL: delete from user_info     where id = ?&#10;### Cause: com.mysql.cj.jdbc.exceptions.MySQLTransactionRollbackException: Lock wait timeout exceeded; try restarting transaction" type="org.apache.ibatis.exceptions.PersistenceException">org.apache.ibatis.exceptions.PersistenceException: 

### Error updating database.  Cause: com.mysql.cj.jdbc.exceptions.MySQLTransactionRollbackException: Lock wait timeout exceeded; try restarting transaction
### The error may exist in mapper/UserEntityMapper.xml
### The error may involve com.example.demosecond.dao.UserEntityMapper.deleteUserById-Inline
### The error occurred while setting parameters
### SQL: delete from user_info     where id = ?
### Cause: com.mysql.cj.jdbc.exceptions.MySQLTransactionRollbackException: Lock wait timeout exceeded; try restarting transaction
	at com.example.demosecond.DemoSecondApplicationTests.deleteUserById(DemoSecondApplicationTests.java:105)
Caused by: com.mysql.cj.jdbc.exceptions.MySQLTransactionRollbackException: Lock wait timeout exceeded; try restarting transaction
	at com.example.demosecond.DemoSecondApplicationTests.deleteUserById(DemoSecondApplicationTests.java:105)
</error>
    <system-out><![CDATA[11:32:07.191 [main] DEBUG org.apache.ibatis.io.DefaultVFS - Find JAR URL: file:/F:/IDEA-PracticalTraining/SpringBoot/demoSecond/target/test-classes/com/example/demosecond
11:32:07.191 [main] DEBUG org.apache.ibatis.io.DefaultVFS - Not a JAR: file:/F:/IDEA-PracticalTraining/SpringBoot/demoSecond/target/test-classes/com/example/demosecond
11:32:07.191 [main] DEBUG org.apache.ibatis.io.DefaultVFS - Reader entry: DemoSecondApplicationTests.class
11:32:07.192 [main] DEBUG org.apache.ibatis.io.DefaultVFS - Reader entry: DemoSecondApplicationTests2.class
11:32:07.192 [main] DEBUG org.apache.ibatis.io.DefaultVFS - Listing file:/F:/IDEA-PracticalTraining/SpringBoot/demoSecond/target/test-classes/com/example/demosecond
11:32:07.192 [main] DEBUG org.apache.ibatis.io.DefaultVFS - Find JAR URL: file:/F:/IDEA-PracticalTraining/SpringBoot/demoSecond/target/test-classes/com/example/demosecond/DemoSecondApplicationTests.class
11:32:07.192 [main] DEBUG org.apache.ibatis.io.DefaultVFS - Not a JAR: file:/F:/IDEA-PracticalTraining/SpringBoot/demoSecond/target/test-classes/com/example/demosecond/DemoSecondApplicationTests.class
11:32:07.192 [main] DEBUG org.apache.ibatis.io.DefaultVFS - Reader entry: 漱壕&amp#0;&amp#0;&amp#0;4&amp#0;?
11:32:07.193 [main] DEBUG org.apache.ibatis.io.DefaultVFS - Find JAR URL: file:/F:/IDEA-PracticalTraining/SpringBoot/demoSecond/target/test-classes/com/example/demosecond/DemoSecondApplicationTests2.class
11:32:07.193 [main] DEBUG org.apache.ibatis.io.DefaultVFS - Not a JAR: file:/F:/IDEA-PracticalTraining/SpringBoot/demoSecond/target/test-classes/com/example/demosecond/DemoSecondApplicationTests2.class
11:32:07.193 [main] DEBUG org.apache.ibatis.io.DefaultVFS - Reader entry: 漱壕&amp#0;&amp#0;&amp#0;4&amp#0;?
11:32:07.194 [main] DEBUG org.apache.ibatis.io.DefaultVFS - Find JAR URL: file:/F:/IDEA-PracticalTraining/SpringBoot/demoSecond/target/classes/com/example/demosecond
11:32:07.194 [main] DEBUG org.apache.ibatis.io.DefaultVFS - Not a JAR: file:/F:/IDEA-PracticalTraining/SpringBoot/demoSecond/target/classes/com/example/demosecond
11:32:07.194 [main] DEBUG org.apache.ibatis.io.DefaultVFS - Reader entry: beans
11:32:07.194 [main] DEBUG org.apache.ibatis.io.DefaultVFS - Reader entry: common
11:32:07.194 [main] DEBUG org.apache.ibatis.io.DefaultVFS - Reader entry: controller
11:32:07.194 [main] DEBUG org.apache.ibatis.io.DefaultVFS - Reader entry: dao
11:32:07.195 [main] DEBUG org.apache.ibatis.io.DefaultVFS - Reader entry: DemoSecondApplication.class
11:32:07.195 [main] DEBUG org.apache.ibatis.io.DefaultVFS - Reader entry: service
11:32:07.195 [main] DEBUG org.apache.ibatis.io.DefaultVFS - Listing file:/F:/IDEA-PracticalTraining/SpringBoot/demoSecond/target/classes/com/example/demosecond
11:32:07.195 [main] DEBUG org.apache.ibatis.io.DefaultVFS - Find JAR URL: file:/F:/IDEA-PracticalTraining/SpringBoot/demoSecond/target/classes/com/example/demosecond/beans
11:32:07.195 [main] DEBUG org.apache.ibatis.io.DefaultVFS - Not a JAR: file:/F:/IDEA-PracticalTraining/SpringBoot/demoSecond/target/classes/com/example/demosecond/beans
11:32:07.195 [main] DEBUG org.apache.ibatis.io.DefaultVFS - Reader entry: HttpResponseEntity.class
11:32:07.196 [main] DEBUG org.apache.ibatis.io.DefaultVFS - Listing file:/F:/IDEA-PracticalTraining/SpringBoot/demoSecond/target/classes/com/example/demosecond/beans
11:32:07.196 [main] DEBUG org.apache.ibatis.io.DefaultVFS - Find JAR URL: file:/F:/IDEA-PracticalTraining/SpringBoot/demoSecond/target/classes/com/example/demosecond/beans/HttpResponseEntity.class
11:32:07.196 [main] DEBUG org.apache.ibatis.io.DefaultVFS - Not a JAR: file:/F:/IDEA-PracticalTraining/SpringBoot/demoSecond/target/classes/com/example/demosecond/beans/HttpResponseEntity.class
11:32:07.196 [main] DEBUG org.apache.ibatis.io.DefaultVFS - Reader entry: 漱壕&amp#0;&amp#0;&amp#0;4&amp#0;&
11:32:07.196 [main] DEBUG org.apache.ibatis.io.DefaultVFS - Find JAR URL: file:/F:/IDEA-PracticalTraining/SpringBoot/demoSecond/target/classes/com/example/demosecond/common
11:32:07.196 [main] DEBUG org.apache.ibatis.io.DefaultVFS - Not a JAR: file:/F:/IDEA-PracticalTraining/SpringBoot/demoSecond/target/classes/com/example/demosecond/common
11:32:07.197 [main] DEBUG org.apache.ibatis.io.DefaultVFS - Reader entry: utils
11:32:07.197 [main] DEBUG org.apache.ibatis.io.DefaultVFS - Listing file:/F:/IDEA-PracticalTraining/SpringBoot/demoSecond/target/classes/com/example/demosecond/common
11:32:07.197 [main] DEBUG org.apache.ibatis.io.DefaultVFS - Find JAR URL: file:/F:/IDEA-PracticalTraining/SpringBoot/demoSecond/target/classes/com/example/demosecond/common/utils
11:32:07.197 [main] DEBUG org.apache.ibatis.io.DefaultVFS - Not a JAR: file:/F:/IDEA-PracticalTraining/SpringBoot/demoSecond/target/classes/com/example/demosecond/common/utils
11:32:07.197 [main] DEBUG org.apache.ibatis.io.DefaultVFS - Reader entry: UUIDUtil.class
11:32:07.198 [main] DEBUG org.apache.ibatis.io.DefaultVFS - Listing file:/F:/IDEA-PracticalTraining/SpringBoot/demoSecond/target/classes/com/example/demosecond/common/utils
11:32:07.198 [main] DEBUG org.apache.ibatis.io.DefaultVFS - Find JAR URL: file:/F:/IDEA-PracticalTraining/SpringBoot/demoSecond/target/classes/com/example/demosecond/common/utils/UUIDUtil.class
11:32:07.198 [main] DEBUG org.apache.ibatis.io.DefaultVFS - Not a JAR: file:/F:/IDEA-PracticalTraining/SpringBoot/demoSecond/target/classes/com/example/demosecond/common/utils/UUIDUtil.class
11:32:07.198 [main] DEBUG org.apache.ibatis.io.DefaultVFS - Reader entry: 漱壕&amp#0;&amp#0;&amp#0;4&amp#0;:
11:32:07.198 [main] DEBUG org.apache.ibatis.io.DefaultVFS - Find JAR URL: file:/F:/IDEA-PracticalTraining/SpringBoot/demoSecond/target/classes/com/example/demosecond/controller
11:32:07.199 [main] DEBUG org.apache.ibatis.io.DefaultVFS - Not a JAR: file:/F:/IDEA-PracticalTraining/SpringBoot/demoSecond/target/classes/com/example/demosecond/controller
11:32:07.199 [main] DEBUG org.apache.ibatis.io.DefaultVFS - Reader entry: ProjectController.class
11:32:07.199 [main] DEBUG org.apache.ibatis.io.DefaultVFS - Reader entry: UserController.class
11:32:07.199 [main] DEBUG org.apache.ibatis.io.DefaultVFS - Listing file:/F:/IDEA-PracticalTraining/SpringBoot/demoSecond/target/classes/com/example/demosecond/controller
11:32:07.199 [main] DEBUG org.apache.ibatis.io.DefaultVFS - Find JAR URL: file:/F:/IDEA-PracticalTraining/SpringBoot/demoSecond/target/classes/com/example/demosecond/controller/ProjectController.class
11:32:07.199 [main] DEBUG org.apache.ibatis.io.DefaultVFS - Not a JAR: file:/F:/IDEA-PracticalTraining/SpringBoot/demoSecond/target/classes/com/example/demosecond/controller/ProjectController.class
11:32:07.200 [main] DEBUG org.apache.ibatis.io.DefaultVFS - Reader entry: 漱壕&amp#0;&amp#0;&amp#0;4&amp#0;?
11:32:07.200 [main] DEBUG org.apache.ibatis.io.DefaultVFS - Find JAR URL: file:/F:/IDEA-PracticalTraining/SpringBoot/demoSecond/target/classes/com/example/demosecond/controller/UserController.class
11:32:07.200 [main] DEBUG org.apache.ibatis.io.DefaultVFS - Not a JAR: file:/F:/IDEA-PracticalTraining/SpringBoot/demoSecond/target/classes/com/example/demosecond/controller/UserController.class
11:32:07.201 [main] DEBUG org.apache.ibatis.io.DefaultVFS - Reader entry: 漱壕&amp#0;&amp#0;&amp#0;4&amp#0;?
11:32:07.201 [main] DEBUG org.apache.ibatis.io.DefaultVFS - Find JAR URL: file:/F:/IDEA-PracticalTraining/SpringBoot/demoSecond/target/classes/com/example/demosecond/dao
11:32:07.201 [main] DEBUG org.apache.ibatis.io.DefaultVFS - Not a JAR: file:/F:/IDEA-PracticalTraining/SpringBoot/demoSecond/target/classes/com/example/demosecond/dao
11:32:07.202 [main] DEBUG org.apache.ibatis.io.DefaultVFS - Reader entry: entity
11:32:07.202 [main] DEBUG org.apache.ibatis.io.DefaultVFS - Reader entry: ProjectEntityMapper.class
11:32:07.202 [main] DEBUG org.apache.ibatis.io.DefaultVFS - Reader entry: UserEntityMapper.class
11:32:07.202 [main] DEBUG org.apache.ibatis.io.DefaultVFS - Listing file:/F:/IDEA-PracticalTraining/SpringBoot/demoSecond/target/classes/com/example/demosecond/dao
11:32:07.202 [main] DEBUG org.apache.ibatis.io.DefaultVFS - Find JAR URL: file:/F:/IDEA-PracticalTraining/SpringBoot/demoSecond/target/classes/com/example/demosecond/dao/entity
11:32:07.202 [main] DEBUG org.apache.ibatis.io.DefaultVFS - Not a JAR: file:/F:/IDEA-PracticalTraining/SpringBoot/demoSecond/target/classes/com/example/demosecond/dao/entity
11:32:07.203 [main] DEBUG org.apache.ibatis.io.DefaultVFS - Reader entry: ProjectEntity.class
11:32:07.203 [main] DEBUG org.apache.ibatis.io.DefaultVFS - Reader entry: UserEntity.class
11:32:07.203 [main] DEBUG org.apache.ibatis.io.DefaultVFS - Listing file:/F:/IDEA-PracticalTraining/SpringBoot/demoSecond/target/classes/com/example/demosecond/dao/entity
11:32:07.203 [main] DEBUG org.apache.ibatis.io.DefaultVFS - Find JAR URL: file:/F:/IDEA-PracticalTraining/SpringBoot/demoSecond/target/classes/com/example/demosecond/dao/entity/ProjectEntity.class
11:32:07.203 [main] DEBUG org.apache.ibatis.io.DefaultVFS - Not a JAR: file:/F:/IDEA-PracticalTraining/SpringBoot/demoSecond/target/classes/com/example/demosecond/dao/entity/ProjectEntity.class
11:32:07.203 [main] DEBUG org.apache.ibatis.io.DefaultVFS - Reader entry: 漱壕&amp#0;&amp#0;&amp#0;4&amp#0;a
11:32:07.204 [main] DEBUG org.apache.ibatis.io.DefaultVFS - Find JAR URL: file:/F:/IDEA-PracticalTraining/SpringBoot/demoSecond/target/classes/com/example/demosecond/dao/entity/UserEntity.class
11:32:07.204 [main] DEBUG org.apache.ibatis.io.DefaultVFS - Not a JAR: file:/F:/IDEA-PracticalTraining/SpringBoot/demoSecond/target/classes/com/example/demosecond/dao/entity/UserEntity.class
11:32:07.204 [main] DEBUG org.apache.ibatis.io.DefaultVFS - Reader entry: 漱壕&amp#0;&amp#0;&amp#0;4&amp#0;p
11:32:07.204 [main] DEBUG org.apache.ibatis.io.DefaultVFS - Find JAR URL: file:/F:/IDEA-PracticalTraining/SpringBoot/demoSecond/target/classes/com/example/demosecond/dao/ProjectEntityMapper.class
11:32:07.204 [main] DEBUG org.apache.ibatis.io.DefaultVFS - Not a JAR: file:/F:/IDEA-PracticalTraining/SpringBoot/demoSecond/target/classes/com/example/demosecond/dao/ProjectEntityMapper.class
11:32:07.205 [main] DEBUG org.apache.ibatis.io.DefaultVFS - Reader entry: 漱壕&amp#0;&amp#0;&amp#0;4&amp#0;&amp#22;&amp#7;&amp#0;&amp#20;&amp#7;&amp#0;&amp#21;&amp#1;&amp#0;&amp#16;queryProjectList&amp#1;&amp#0;C(Lcom/example/demosecond/dao/entity/ProjectEntity;)Ljava/util/List;&amp#1;&amp#0;&amp#16;MethodParameters&amp#1;&amp#0;
11:32:07.205 [main] DEBUG org.apache.ibatis.io.DefaultVFS - Find JAR URL: file:/F:/IDEA-PracticalTraining/SpringBoot/demoSecond/target/classes/com/example/demosecond/dao/UserEntityMapper.class
11:32:07.205 [main] DEBUG org.apache.ibatis.io.DefaultVFS - Not a JAR: file:/F:/IDEA-PracticalTraining/SpringBoot/demoSecond/target/classes/com/example/demosecond/dao/UserEntityMapper.class
11:32:07.205 [main] DEBUG org.apache.ibatis.io.DefaultVFS - Reader entry: 漱壕&amp#0;&amp#0;&amp#0;4&amp#0;&amp#23;&amp#7;&amp#0;&amp#21;&amp#7;&amp#0;&amp#22;&amp#1;&amp#0;
11:32:07.206 [main] DEBUG org.apache.ibatis.io.DefaultVFS - Find JAR URL: file:/F:/IDEA-PracticalTraining/SpringBoot/demoSecond/target/classes/com/example/demosecond/DemoSecondApplication.class
11:32:07.206 [main] DEBUG org.apache.ibatis.io.DefaultVFS - Not a JAR: file:/F:/IDEA-PracticalTraining/SpringBoot/demoSecond/target/classes/com/example/demosecond/DemoSecondApplication.class
11:32:07.206 [main] DEBUG org.apache.ibatis.io.DefaultVFS - Reader entry: 漱壕&amp#0;&amp#0;&amp#0;4&amp#0; 
11:32:07.209 [main] DEBUG org.apache.ibatis.io.DefaultVFS - Find JAR URL: file:/F:/IDEA-PracticalTraining/SpringBoot/demoSecond/target/classes/com/example/demosecond/service
11:32:07.209 [main] DEBUG org.apache.ibatis.io.DefaultVFS - Not a JAR: file:/F:/IDEA-PracticalTraining/SpringBoot/demoSecond/target/classes/com/example/demosecond/service
11:32:07.209 [main] DEBUG org.apache.ibatis.io.DefaultVFS - Reader entry: ProjectService.class
11:32:07.209 [main] DEBUG org.apache.ibatis.io.DefaultVFS - Reader entry: UserService.class
11:32:07.210 [main] DEBUG org.apache.ibatis.io.DefaultVFS - Listing file:/F:/IDEA-PracticalTraining/SpringBoot/demoSecond/target/classes/com/example/demosecond/service
11:32:07.210 [main] DEBUG org.apache.ibatis.io.DefaultVFS - Find JAR URL: file:/F:/IDEA-PracticalTraining/SpringBoot/demoSecond/target/classes/com/example/demosecond/service/ProjectService.class
11:32:07.210 [main] DEBUG org.apache.ibatis.io.DefaultVFS - Not a JAR: file:/F:/IDEA-PracticalTraining/SpringBoot/demoSecond/target/classes/com/example/demosecond/service/ProjectService.class
11:32:07.210 [main] DEBUG org.apache.ibatis.io.DefaultVFS - Reader entry: 漱壕&amp#0;&amp#0;&amp#0;4&amp#0;G
11:32:07.211 [main] DEBUG org.apache.ibatis.io.DefaultVFS - Find JAR URL: file:/F:/IDEA-PracticalTraining/SpringBoot/demoSecond/target/classes/com/example/demosecond/service/UserService.class
11:32:07.211 [main] DEBUG org.apache.ibatis.io.DefaultVFS - Not a JAR: file:/F:/IDEA-PracticalTraining/SpringBoot/demoSecond/target/classes/com/example/demosecond/service/UserService.class
11:32:07.211 [main] DEBUG org.apache.ibatis.io.DefaultVFS - Reader entry: 漱壕&amp#0;&amp#0;&amp#0;4&amp#0;J
11:32:07.211 [main] DEBUG org.apache.ibatis.io.ResolverUtil - Checking to see if class com.example.demosecond.DemoSecondApplicationTests matches criteria [is assignable to Object]
11:32:07.211 [main] DEBUG org.apache.ibatis.io.ResolverUtil - Checking to see if class com.example.demosecond.DemoSecondApplicationTests2 matches criteria [is assignable to Object]
11:32:07.212 [main] DEBUG org.apache.ibatis.io.ResolverUtil - Checking to see if class com.example.demosecond.beans.HttpResponseEntity matches criteria [is assignable to Object]
11:32:07.212 [main] DEBUG org.apache.ibatis.io.ResolverUtil - Checking to see if class com.example.demosecond.common.utils.UUIDUtil matches criteria [is assignable to Object]
11:32:07.212 [main] DEBUG org.apache.ibatis.io.ResolverUtil - Checking to see if class com.example.demosecond.controller.ProjectController matches criteria [is assignable to Object]
11:32:07.212 [main] DEBUG org.apache.ibatis.io.ResolverUtil - Checking to see if class com.example.demosecond.controller.UserController matches criteria [is assignable to Object]
11:32:07.212 [main] DEBUG org.apache.ibatis.io.ResolverUtil - Checking to see if class com.example.demosecond.dao.entity.ProjectEntity matches criteria [is assignable to Object]
11:32:07.212 [main] DEBUG org.apache.ibatis.io.ResolverUtil - Checking to see if class com.example.demosecond.dao.entity.UserEntity matches criteria [is assignable to Object]
11:32:07.212 [main] DEBUG org.apache.ibatis.io.ResolverUtil - Checking to see if class com.example.demosecond.dao.ProjectEntityMapper matches criteria [is assignable to Object]
11:32:07.212 [main] DEBUG org.apache.ibatis.io.ResolverUtil - Checking to see if class com.example.demosecond.dao.UserEntityMapper matches criteria [is assignable to Object]
11:32:07.212 [main] DEBUG org.apache.ibatis.io.ResolverUtil - Checking to see if class com.example.demosecond.DemoSecondApplication matches criteria [is assignable to Object]
11:32:07.212 [main] DEBUG org.apache.ibatis.io.ResolverUtil - Checking to see if class com.example.demosecond.service.ProjectService matches criteria [is assignable to Object]
11:32:07.212 [main] DEBUG org.apache.ibatis.io.ResolverUtil - Checking to see if class com.example.demosecond.service.UserService matches criteria [is assignable to Object]
11:32:07.214 [main] DEBUG org.apache.ibatis.datasource.pooled.PooledDataSource - PooledDataSource forcefully closed/removed all connections.
11:32:07.214 [main] DEBUG org.apache.ibatis.datasource.pooled.PooledDataSource - PooledDataSource forcefully closed/removed all connections.
11:32:07.214 [main] DEBUG org.apache.ibatis.datasource.pooled.PooledDataSource - PooledDataSource forcefully closed/removed all connections.
11:32:07.214 [main] DEBUG org.apache.ibatis.datasource.pooled.PooledDataSource - PooledDataSource forcefully closed/removed all connections.
11:32:07.233 [main] DEBUG org.apache.ibatis.transaction.jdbc.JdbcTransaction - Opening JDBC Connection
11:32:07.252 [main] DEBUG org.apache.ibatis.datasource.pooled.PooledDataSource - Created connection 25490549.
11:32:07.252 [main] DEBUG org.apache.ibatis.transaction.jdbc.JdbcTransaction - Setting autocommit to false on JDBC Connection [com.mysql.cj.jdbc.ConnectionImpl@184f475]
11:32:07.253 [main] DEBUG com.example.demosecond.dao.UserEntityMapper.deleteUserById - ==>  Preparing: delete from user_info where id = ?
11:32:07.253 [main] DEBUG com.example.demosecond.dao.UserEntityMapper.deleteUserById - ==> Parameters: 1(String)
]]></system-out>
  </testcase>
</testsuite>